{"/home/david/Documents/study/typescript/bolao-copa-do-mundo/src/api/entities/Match.ts": {"path":"/home/david/Documents/study/typescript/bolao-copa-do-mundo/src/api/entities/Match.ts","all":false,"statementMap":{"0":{"start":{"line":1,"column":0},"end":{"line":1,"column":52}},"1":{"start":{"line":2,"column":0},"end":{"line":2,"column":22}},"2":{"start":{"line":3,"column":0},"end":{"line":3,"column":15}},"3":{"start":{"line":4,"column":0},"end":{"line":4,"column":18}},"4":{"start":{"line":5,"column":0},"end":{"line":5,"column":18}},"5":{"start":{"line":6,"column":0},"end":{"line":6,"column":22}},"6":{"start":{"line":7,"column":0},"end":{"line":7,"column":16}},"7":{"start":{"line":8,"column":0},"end":{"line":8,"column":1}},"8":{"start":{"line":9,"column":0},"end":{"line":9,"column":20}},"9":{"start":{"line":10,"column":0},"end":{"line":10,"column":14}},"10":{"start":{"line":11,"column":0},"end":{"line":11,"column":17}},"11":{"start":{"line":12,"column":0},"end":{"line":12,"column":17}},"12":{"start":{"line":13,"column":0},"end":{"line":13,"column":21}},"13":{"start":{"line":14,"column":0},"end":{"line":14,"column":16}},"14":{"start":{"line":15,"column":0},"end":{"line":15,"column":62}},"15":{"start":{"line":16,"column":0},"end":{"line":16,"column":7}},"16":{"start":{"line":17,"column":0},"end":{"line":17,"column":20}},"17":{"start":{"line":18,"column":0},"end":{"line":18,"column":26}},"18":{"start":{"line":19,"column":0},"end":{"line":19,"column":26}},"19":{"start":{"line":20,"column":0},"end":{"line":20,"column":34}},"20":{"start":{"line":21,"column":0},"end":{"line":21,"column":26}},"21":{"start":{"line":22,"column":0},"end":{"line":22,"column":5}},"22":{"start":{"line":23,"column":0},"end":{"line":23,"column":1}}},"s":{"0":1,"1":1,"2":1,"3":1,"4":1,"5":1,"6":1,"7":1,"8":1,"9":1,"10":26,"11":26,"12":26,"13":26,"14":1,"15":26,"16":26,"17":26,"18":26,"19":26,"20":26,"21":26,"22":26},"branchMap":{"0":{"type":"branch","line":10,"loc":{"start":{"line":10,"column":4},"end":{"line":14,"column":16}},"locations":[{"start":{"line":10,"column":4},"end":{"line":14,"column":16}}]},"1":{"type":"branch","line":15,"loc":{"start":{"line":15,"column":4},"end":{"line":22,"column":5}},"locations":[{"start":{"line":15,"column":4},"end":{"line":22,"column":5}}]},"2":{"type":"branch","line":23,"loc":{"start":{"line":23,"column":0},"end":{"line":23,"column":1}},"locations":[{"start":{"line":23,"column":0},"end":{"line":23,"column":1}}]}},"b":{"0":[26],"1":[26],"2":[26]},"fnMap":{"0":{"name":"<instance_members_initializer>","decl":{"start":{"line":10,"column":4},"end":{"line":14,"column":16}},"loc":{"start":{"line":10,"column":4},"end":{"line":14,"column":16}},"line":10},"1":{"name":"Match","decl":{"start":{"line":15,"column":4},"end":{"line":22,"column":5}},"loc":{"start":{"line":15,"column":4},"end":{"line":22,"column":5}},"line":15},"2":{"name":"get","decl":{"start":{"line":23,"column":0},"end":{"line":23,"column":1}},"loc":{"start":{"line":23,"column":0},"end":{"line":23,"column":1}},"line":23}},"f":{"0":26,"1":26,"2":26}}
,"/home/david/Documents/study/typescript/bolao-copa-do-mundo/src/api/factories/factory.ts": {"path":"/home/david/Documents/study/typescript/bolao-copa-do-mundo/src/api/factories/factory.ts","all":false,"statementMap":{"0":{"start":{"line":1,"column":0},"end":{"line":1,"column":42}},"1":{"start":{"line":2,"column":0},"end":{"line":2,"column":72}},"2":{"start":{"line":3,"column":0},"end":{"line":3,"column":55}},"3":{"start":{"line":4,"column":0},"end":{"line":4,"column":49}},"4":{"start":{"line":5,"column":0},"end":{"line":5,"column":0}},"5":{"start":{"line":6,"column":0},"end":{"line":6,"column":32}},"6":{"start":{"line":7,"column":0},"end":{"line":7,"column":33}},"7":{"start":{"line":8,"column":0},"end":{"line":8,"column":68}},"8":{"start":{"line":9,"column":0},"end":{"line":9,"column":70}},"9":{"start":{"line":10,"column":0},"end":{"line":10,"column":55}},"10":{"start":{"line":11,"column":0},"end":{"line":11,"column":1}}},"s":{"0":1,"1":1,"2":1,"3":1,"4":1,"5":1,"6":1,"7":1,"8":1,"9":1,"10":1},"branchMap":{"0":{"type":"branch","line":6,"loc":{"start":{"line":6,"column":7},"end":{"line":11,"column":1}},"locations":[{"start":{"line":6,"column":7},"end":{"line":11,"column":1}}]},"1":{"type":"branch","line":11,"loc":{"start":{"line":11,"column":0},"end":{"line":11,"column":1}},"locations":[{"start":{"line":11,"column":0},"end":{"line":11,"column":1}}]}},"b":{"0":[1],"1":[1]},"fnMap":{"0":{"name":"matchFactory","decl":{"start":{"line":6,"column":7},"end":{"line":11,"column":1}},"loc":{"start":{"line":6,"column":7},"end":{"line":11,"column":1}},"line":6},"1":{"name":"get","decl":{"start":{"line":11,"column":0},"end":{"line":11,"column":1}},"loc":{"start":{"line":11,"column":0},"end":{"line":11,"column":1}},"line":11}},"f":{"0":1,"1":1}}
,"/home/david/Documents/study/typescript/bolao-copa-do-mundo/src/api/repositories/InMemoryRepository.ts": {"path":"/home/david/Documents/study/typescript/bolao-copa-do-mundo/src/api/repositories/InMemoryRepository.ts","all":false,"statementMap":{"0":{"start":{"line":1,"column":0},"end":{"line":1,"column":55}},"1":{"start":{"line":2,"column":0},"end":{"line":2,"column":0}},"2":{"start":{"line":3,"column":0},"end":{"line":3,"column":84}},"3":{"start":{"line":4,"column":0},"end":{"line":4,"column":41}},"4":{"start":{"line":5,"column":0},"end":{"line":5,"column":2}},"5":{"start":{"line":6,"column":0},"end":{"line":6,"column":19}},"6":{"start":{"line":7,"column":0},"end":{"line":7,"column":23}},"7":{"start":{"line":8,"column":0},"end":{"line":8,"column":5}},"8":{"start":{"line":9,"column":0},"end":{"line":9,"column":2}},"9":{"start":{"line":10,"column":0},"end":{"line":10,"column":40}},"10":{"start":{"line":11,"column":0},"end":{"line":11,"column":52}},"11":{"start":{"line":12,"column":0},"end":{"line":12,"column":5}},"12":{"start":{"line":13,"column":0},"end":{"line":13,"column":2}},"13":{"start":{"line":14,"column":0},"end":{"line":14,"column":24}},"14":{"start":{"line":15,"column":0},"end":{"line":15,"column":27}},"15":{"start":{"line":16,"column":0},"end":{"line":16,"column":5}},"16":{"start":{"line":17,"column":0},"end":{"line":17,"column":2}},"17":{"start":{"line":18,"column":0},"end":{"line":18,"column":27}},"18":{"start":{"line":19,"column":0},"end":{"line":19,"column":63}},"19":{"start":{"line":20,"column":0},"end":{"line":20,"column":25}},"20":{"start":{"line":21,"column":0},"end":{"line":21,"column":32}},"21":{"start":{"line":22,"column":0},"end":{"line":22,"column":7}},"22":{"start":{"line":23,"column":0},"end":{"line":23,"column":5}},"23":{"start":{"line":24,"column":0},"end":{"line":24,"column":2}},"24":{"start":{"line":25,"column":0},"end":{"line":25,"column":30}},"25":{"start":{"line":26,"column":0},"end":{"line":26,"column":64}},"26":{"start":{"line":27,"column":0},"end":{"line":27,"column":25}},"27":{"start":{"line":28,"column":0},"end":{"line":28,"column":35}},"28":{"start":{"line":29,"column":0},"end":{"line":29,"column":7}},"29":{"start":{"line":30,"column":0},"end":{"line":30,"column":5}},"30":{"start":{"line":31,"column":0},"end":{"line":31,"column":3}}},"s":{"0":1,"1":1,"2":1,"3":1,"4":1,"5":1,"6":2,"7":2,"8":1,"9":1,"10":7,"11":7,"12":1,"13":1,"14":12,"15":12,"16":1,"17":1,"18":1,"19":1,"20":1,"21":1,"22":1,"23":1,"24":1,"25":3,"26":3,"27":2,"28":2,"29":3,"30":1},"branchMap":{"0":{"type":"branch","line":4,"loc":{"start":{"line":4,"column":4},"end":{"line":4,"column":41}},"locations":[{"start":{"line":4,"column":4},"end":{"line":4,"column":41}}]},"1":{"type":"branch","line":6,"loc":{"start":{"line":6,"column":4},"end":{"line":8,"column":5}},"locations":[{"start":{"line":6,"column":4},"end":{"line":8,"column":5}}]},"2":{"type":"branch","line":10,"loc":{"start":{"line":10,"column":4},"end":{"line":12,"column":5}},"locations":[{"start":{"line":10,"column":4},"end":{"line":12,"column":5}}]},"3":{"type":"branch","line":11,"loc":{"start":{"line":11,"column":28},"end":{"line":11,"column":50}},"locations":[{"start":{"line":11,"column":28},"end":{"line":11,"column":50}}]},"4":{"type":"branch","line":14,"loc":{"start":{"line":14,"column":4},"end":{"line":16,"column":5}},"locations":[{"start":{"line":14,"column":4},"end":{"line":16,"column":5}}]},"5":{"type":"branch","line":18,"loc":{"start":{"line":18,"column":4},"end":{"line":23,"column":5}},"locations":[{"start":{"line":18,"column":4},"end":{"line":23,"column":5}}]},"6":{"type":"branch","line":19,"loc":{"start":{"line":19,"column":40},"end":{"line":19,"column":61}},"locations":[{"start":{"line":19,"column":40},"end":{"line":19,"column":61}}]},"7":{"type":"branch","line":25,"loc":{"start":{"line":25,"column":4},"end":{"line":30,"column":5}},"locations":[{"start":{"line":25,"column":4},"end":{"line":30,"column":5}}]},"8":{"type":"branch","line":27,"loc":{"start":{"line":27,"column":24},"end":{"line":29,"column":7}},"locations":[{"start":{"line":27,"column":24},"end":{"line":29,"column":7}}]},"9":{"type":"branch","line":26,"loc":{"start":{"line":26,"column":40},"end":{"line":26,"column":62}},"locations":[{"start":{"line":26,"column":40},"end":{"line":26,"column":62}}]},"10":{"type":"branch","line":31,"loc":{"start":{"line":31,"column":2},"end":{"line":31,"column":3}},"locations":[{"start":{"line":31,"column":2},"end":{"line":31,"column":3}}]}},"b":{"0":[1],"1":[2],"2":[7],"3":[6],"4":[12],"5":[1],"6":[1],"7":[3],"8":[2],"9":[2],"10":[1]},"fnMap":{"0":{"name":"InMemoryRepository","decl":{"start":{"line":4,"column":4},"end":{"line":4,"column":41}},"loc":{"start":{"line":4,"column":4},"end":{"line":4,"column":41}},"line":4},"1":{"name":"getAll","decl":{"start":{"line":6,"column":4},"end":{"line":8,"column":5}},"loc":{"start":{"line":6,"column":4},"end":{"line":8,"column":5}},"line":6},"2":{"name":"getById","decl":{"start":{"line":10,"column":4},"end":{"line":12,"column":5}},"loc":{"start":{"line":10,"column":4},"end":{"line":12,"column":5}},"line":10},"3":{"name":"add","decl":{"start":{"line":14,"column":4},"end":{"line":16,"column":5}},"loc":{"start":{"line":14,"column":4},"end":{"line":16,"column":5}},"line":14},"4":{"name":"update","decl":{"start":{"line":18,"column":4},"end":{"line":23,"column":5}},"loc":{"start":{"line":18,"column":4},"end":{"line":23,"column":5}},"line":18},"5":{"name":"delete","decl":{"start":{"line":25,"column":4},"end":{"line":30,"column":5}},"loc":{"start":{"line":25,"column":4},"end":{"line":30,"column":5}},"line":25},"6":{"name":"get","decl":{"start":{"line":31,"column":2},"end":{"line":31,"column":3}},"loc":{"start":{"line":31,"column":2},"end":{"line":31,"column":3}},"line":31}},"f":{"0":1,"1":2,"2":7,"3":12,"4":1,"5":3,"6":1}}
,"/home/david/Documents/study/typescript/bolao-copa-do-mundo/src/api/service/MatchService.ts": {"path":"/home/david/Documents/study/typescript/bolao-copa-do-mundo/src/api/service/MatchService.ts","all":false,"statementMap":{"0":{"start":{"line":1,"column":0},"end":{"line":1,"column":42}},"1":{"start":{"line":2,"column":0},"end":{"line":2,"column":72}},"2":{"start":{"line":3,"column":0},"end":{"line":3,"column":0}},"3":{"start":{"line":4,"column":0},"end":{"line":4,"column":30}},"4":{"start":{"line":5,"column":0},"end":{"line":5,"column":27}},"5":{"start":{"line":6,"column":0},"end":{"line":6,"column":107}},"6":{"start":{"line":7,"column":0},"end":{"line":7,"column":24}},"7":{"start":{"line":8,"column":0},"end":{"line":8,"column":26}},"8":{"start":{"line":9,"column":0},"end":{"line":9,"column":17}},"9":{"start":{"line":10,"column":0},"end":{"line":10,"column":34}},"10":{"start":{"line":11,"column":0},"end":{"line":11,"column":50}},"11":{"start":{"line":12,"column":0},"end":{"line":12,"column":18}},"12":{"start":{"line":13,"column":0},"end":{"line":13,"column":9}},"13":{"start":{"line":14,"column":0},"end":{"line":14,"column":41}},"14":{"start":{"line":15,"column":0},"end":{"line":15,"column":52}},"15":{"start":{"line":16,"column":0},"end":{"line":16,"column":5}},"16":{"start":{"line":17,"column":0},"end":{"line":17,"column":31}},"17":{"start":{"line":18,"column":0},"end":{"line":18,"column":50}},"18":{"start":{"line":19,"column":0},"end":{"line":19,"column":53}},"19":{"start":{"line":20,"column":0},"end":{"line":20,"column":20}},"20":{"start":{"line":21,"column":0},"end":{"line":21,"column":5}},"21":{"start":{"line":22,"column":0},"end":{"line":22,"column":0}},"22":{"start":{"line":23,"column":0},"end":{"line":23,"column":37}},"23":{"start":{"line":24,"column":0},"end":{"line":24,"column":56}},"24":{"start":{"line":25,"column":0},"end":{"line":25,"column":60}},"25":{"start":{"line":26,"column":0},"end":{"line":26,"column":5}},"26":{"start":{"line":27,"column":0},"end":{"line":27,"column":0}},"27":{"start":{"line":28,"column":0},"end":{"line":28,"column":28}},"28":{"start":{"line":29,"column":0},"end":{"line":29,"column":31}},"29":{"start":{"line":30,"column":0},"end":{"line":30,"column":34}},"30":{"start":{"line":31,"column":0},"end":{"line":31,"column":15}},"31":{"start":{"line":32,"column":0},"end":{"line":32,"column":5}},"32":{"start":{"line":33,"column":0},"end":{"line":33,"column":1}}},"s":{"0":1,"1":1,"2":1,"3":1,"4":1,"5":1,"6":1,"7":2,"8":2,"9":1,"10":1,"11":1,"12":1,"13":1,"14":1,"15":2,"16":1,"17":4,"18":4,"19":2,"20":4,"21":1,"22":1,"23":2,"24":1,"25":2,"26":1,"27":1,"28":1,"29":1,"30":1,"31":1,"32":1},"branchMap":{"0":{"type":"branch","line":6,"loc":{"start":{"line":6,"column":4},"end":{"line":6,"column":107}},"locations":[{"start":{"line":6,"column":4},"end":{"line":6,"column":107}}]},"1":{"type":"branch","line":7,"loc":{"start":{"line":7,"column":4},"end":{"line":16,"column":5}},"locations":[{"start":{"line":7,"column":4},"end":{"line":16,"column":5}}]},"2":{"type":"branch","line":9,"loc":{"start":{"line":9,"column":16},"end":{"line":15,"column":52}},"locations":[{"start":{"line":9,"column":16},"end":{"line":15,"column":52}}]},"3":{"type":"branch","line":17,"loc":{"start":{"line":17,"column":4},"end":{"line":21,"column":5}},"locations":[{"start":{"line":17,"column":4},"end":{"line":21,"column":5}}]},"4":{"type":"branch","line":19,"loc":{"start":{"line":19,"column":19},"end":{"line":20,"column":20}},"locations":[{"start":{"line":19,"column":19},"end":{"line":20,"column":20}}]},"5":{"type":"branch","line":23,"loc":{"start":{"line":23,"column":4},"end":{"line":26,"column":5}},"locations":[{"start":{"line":23,"column":4},"end":{"line":26,"column":5}}]},"6":{"type":"branch","line":24,"loc":{"start":{"line":24,"column":24},"end":{"line":25,"column":60}},"locations":[{"start":{"line":24,"column":24},"end":{"line":25,"column":60}}]},"7":{"type":"branch","line":25,"loc":{"start":{"line":25,"column":23},"end":{"line":25,"column":58}},"locations":[{"start":{"line":25,"column":23},"end":{"line":25,"column":58}}]},"8":{"type":"branch","line":28,"loc":{"start":{"line":28,"column":4},"end":{"line":32,"column":5}},"locations":[{"start":{"line":28,"column":4},"end":{"line":32,"column":5}}]},"9":{"type":"branch","line":33,"loc":{"start":{"line":33,"column":0},"end":{"line":33,"column":1}},"locations":[{"start":{"line":33,"column":0},"end":{"line":33,"column":1}}]}},"b":{"0":[1],"1":[2],"2":[1],"3":[4],"4":[2],"5":[2],"6":[1],"7":[2],"8":[1],"9":[1]},"fnMap":{"0":{"name":"MatchService","decl":{"start":{"line":6,"column":4},"end":{"line":6,"column":107}},"loc":{"start":{"line":6,"column":4},"end":{"line":6,"column":107}},"line":6},"1":{"name":"save","decl":{"start":{"line":7,"column":4},"end":{"line":16,"column":5}},"loc":{"start":{"line":7,"column":4},"end":{"line":16,"column":5}},"line":7},"2":{"name":"findMatchById","decl":{"start":{"line":17,"column":4},"end":{"line":21,"column":5}},"loc":{"start":{"line":17,"column":4},"end":{"line":21,"column":5}},"line":17},"3":{"name":"findMatchsById","decl":{"start":{"line":23,"column":4},"end":{"line":26,"column":5}},"loc":{"start":{"line":23,"column":4},"end":{"line":26,"column":5}},"line":23},"4":{"name":"deleteMatch","decl":{"start":{"line":28,"column":4},"end":{"line":32,"column":5}},"loc":{"start":{"line":28,"column":4},"end":{"line":32,"column":5}},"line":28},"5":{"name":"get","decl":{"start":{"line":33,"column":0},"end":{"line":33,"column":1}},"loc":{"start":{"line":33,"column":0},"end":{"line":33,"column":1}},"line":33}},"f":{"0":1,"1":2,"2":4,"3":2,"4":1,"5":1}}
,"/home/david/Documents/study/typescript/bolao-copa-do-mundo/src/api/utils/generateId.ts": {"path":"/home/david/Documents/study/typescript/bolao-copa-do-mundo/src/api/utils/generateId.ts","all":false,"statementMap":{"0":{"start":{"line":1,"column":0},"end":{"line":1,"column":34}},"1":{"start":{"line":2,"column":0},"end":{"line":2,"column":0}},"2":{"start":{"line":3,"column":0},"end":{"line":3,"column":30}},"3":{"start":{"line":4,"column":0},"end":{"line":4,"column":18}},"4":{"start":{"line":5,"column":0},"end":{"line":5,"column":1}}},"s":{"0":1,"1":1,"2":1,"3":30,"4":30},"branchMap":{"0":{"type":"branch","line":3,"loc":{"start":{"line":3,"column":7},"end":{"line":5,"column":1}},"locations":[{"start":{"line":3,"column":7},"end":{"line":5,"column":1}}]},"1":{"type":"branch","line":5,"loc":{"start":{"line":5,"column":0},"end":{"line":5,"column":1}},"locations":[{"start":{"line":5,"column":0},"end":{"line":5,"column":1}}]}},"b":{"0":[30],"1":[30]},"fnMap":{"0":{"name":"generateId","decl":{"start":{"line":3,"column":7},"end":{"line":5,"column":1}},"loc":{"start":{"line":3,"column":7},"end":{"line":5,"column":1}},"line":3},"1":{"name":"get","decl":{"start":{"line":5,"column":0},"end":{"line":5,"column":1}},"loc":{"start":{"line":5,"column":0},"end":{"line":5,"column":1}},"line":5}},"f":{"0":30,"1":30}}
,"/home/david/Documents/study/typescript/bolao-copa-do-mundo/src/api/utils/randomString.ts": {"path":"/home/david/Documents/study/typescript/bolao-copa-do-mundo/src/api/utils/randomString.ts","all":false,"statementMap":{"0":{"start":{"line":1,"column":0},"end":{"line":1,"column":62}},"1":{"start":{"line":2,"column":0},"end":{"line":2,"column":26}},"2":{"start":{"line":3,"column":0},"end":{"line":3,"column":82}},"3":{"start":{"line":4,"column":0},"end":{"line":4,"column":38}},"4":{"start":{"line":5,"column":0},"end":{"line":5,"column":77}},"5":{"start":{"line":6,"column":0},"end":{"line":6,"column":5}},"6":{"start":{"line":7,"column":0},"end":{"line":7,"column":24}},"7":{"start":{"line":8,"column":0},"end":{"line":8,"column":1}}},"s":{"0":1,"1":54,"2":54,"3":54,"4":540,"5":540,"6":54,"7":54},"branchMap":{"0":{"type":"branch","line":1,"loc":{"start":{"line":1,"column":61},"end":{"line":8,"column":1}},"locations":[{"start":{"line":1,"column":61},"end":{"line":8,"column":1}}]},"1":{"type":"branch","line":4,"loc":{"start":{"line":4,"column":37},"end":{"line":6,"column":5}},"locations":[{"start":{"line":4,"column":37},"end":{"line":6,"column":5}}]},"2":{"type":"branch","line":8,"loc":{"start":{"line":8,"column":0},"end":{"line":8,"column":1}},"locations":[{"start":{"line":8,"column":0},"end":{"line":8,"column":1}}]}},"b":{"0":[54],"1":[540],"2":[54]},"fnMap":{"0":{"name":"generateRandomString","decl":{"start":{"line":1,"column":61},"end":{"line":8,"column":1}},"loc":{"start":{"line":1,"column":61},"end":{"line":8,"column":1}},"line":1},"1":{"name":"get","decl":{"start":{"line":8,"column":0},"end":{"line":8,"column":1}},"loc":{"start":{"line":8,"column":0},"end":{"line":8,"column":1}},"line":8}},"f":{"0":54,"1":54}}
,"/home/david/Documents/study/typescript/bolao-copa-do-mundo/src/tests/builders/matchBuilder.ts": {"path":"/home/david/Documents/study/typescript/bolao-copa-do-mundo/src/tests/builders/matchBuilder.ts","all":false,"statementMap":{"0":{"start":{"line":1,"column":0},"end":{"line":1,"column":55}},"1":{"start":{"line":2,"column":0},"end":{"line":2,"column":55}},"2":{"start":{"line":3,"column":0},"end":{"line":3,"column":67}},"3":{"start":{"line":4,"column":0},"end":{"line":4,"column":0}},"4":{"start":{"line":5,"column":0},"end":{"line":5,"column":27}},"5":{"start":{"line":6,"column":0},"end":{"line":6,"column":29}},"6":{"start":{"line":7,"column":0},"end":{"line":7,"column":44}},"7":{"start":{"line":8,"column":0},"end":{"line":8,"column":44}},"8":{"start":{"line":9,"column":0},"end":{"line":9,"column":34}},"9":{"start":{"line":10,"column":0},"end":{"line":10,"column":41}},"10":{"start":{"line":11,"column":0},"end":{"line":11,"column":0}},"11":{"start":{"line":12,"column":0},"end":{"line":12,"column":22}},"12":{"start":{"line":13,"column":0},"end":{"line":13,"column":20}},"13":{"start":{"line":14,"column":0},"end":{"line":14,"column":0}},"14":{"start":{"line":15,"column":0},"end":{"line":15,"column":19}},"15":{"start":{"line":16,"column":0},"end":{"line":16,"column":5}},"16":{"start":{"line":17,"column":0},"end":{"line":17,"column":0}},"17":{"start":{"line":18,"column":0},"end":{"line":18,"column":20}},"18":{"start":{"line":19,"column":0},"end":{"line":19,"column":25}},"19":{"start":{"line":20,"column":0},"end":{"line":20,"column":13}},"20":{"start":{"line":21,"column":0},"end":{"line":21,"column":111}},"21":{"start":{"line":22,"column":0},"end":{"line":22,"column":14}},"22":{"start":{"line":23,"column":0},"end":{"line":23,"column":5}},"23":{"start":{"line":24,"column":0},"end":{"line":24,"column":1}}},"s":{"0":1,"1":1,"2":1,"3":1,"4":1,"5":1,"6":27,"7":27,"8":27,"9":27,"10":1,"11":1,"12":2,"13":2,"14":2,"15":2,"16":1,"17":1,"18":26,"19":26,"20":26,"21":26,"22":26,"23":27},"branchMap":{"0":{"type":"branch","line":6,"loc":{"start":{"line":6,"column":4},"end":{"line":10,"column":41}},"locations":[{"start":{"line":6,"column":4},"end":{"line":10,"column":41}}]},"1":{"type":"branch","line":12,"loc":{"start":{"line":12,"column":4},"end":{"line":16,"column":5}},"locations":[{"start":{"line":12,"column":4},"end":{"line":16,"column":5}}]},"2":{"type":"branch","line":18,"loc":{"start":{"line":18,"column":4},"end":{"line":23,"column":5}},"locations":[{"start":{"line":18,"column":4},"end":{"line":23,"column":5}}]},"3":{"type":"branch","line":24,"loc":{"start":{"line":24,"column":0},"end":{"line":24,"column":1}},"locations":[{"start":{"line":24,"column":0},"end":{"line":24,"column":1}}]}},"b":{"0":[27],"1":[2],"2":[26],"3":[27]},"fnMap":{"0":{"name":"<instance_members_initializer>","decl":{"start":{"line":6,"column":4},"end":{"line":10,"column":41}},"loc":{"start":{"line":6,"column":4},"end":{"line":10,"column":41}},"line":6},"1":{"name":"setId","decl":{"start":{"line":12,"column":4},"end":{"line":16,"column":5}},"loc":{"start":{"line":12,"column":4},"end":{"line":16,"column":5}},"line":12},"2":{"name":"build","decl":{"start":{"line":18,"column":4},"end":{"line":23,"column":5}},"loc":{"start":{"line":18,"column":4},"end":{"line":23,"column":5}},"line":18},"3":{"name":"get","decl":{"start":{"line":24,"column":0},"end":{"line":24,"column":1}},"loc":{"start":{"line":24,"column":0},"end":{"line":24,"column":1}},"line":24}},"f":{"0":27,"1":2,"2":26,"3":27}}
}
